YoutubeTest/app/build/intermediates/manifest_merge_blame_file/debug/manifest-merger-blame-debug-report.txt
1<?xml version="1.0" encoding="utf-8"?>
2<manifest xmlns:android="http://schemas.android.com/apk/res/android"
3    package="com.dmytro.myfirstapp"
4    android:versionCode="1"
5    android:versionName="1.0" >
6
7    <uses-sdk
8        android:minSdkVersion="24"
8-->src\main\AndroidManifest.xml
9        android:targetSdkVersion="29" />
9-->src\main\AndroidManifest.xml
10
11    <uses-permission android:name="android.permission.INTERNET" />
11-->src\main\AndroidManifest.xml:57:5-67
11-->src\main\AndroidManifest.xml:57:22-64
12    <uses-permission android:name="android.permission.ACCESS_NETWORK_STATE" />
12-->src\main\AndroidManifest.xml:59:5-79
12-->src\main\AndroidManifest.xml:59:22-76
13    <uses-permission android:name="android.permission.WAKE_LOCK" /> <!-- Required by older versions of Google Play services to create IID tokens -->
13-->[com.google.android.gms:play-services-measurement-api:17.2.0] AndroidManifest.xml:24:5-68
13-->[com.google.android.gms:play-services-measurement-api:17.2.0] AndroidManifest.xml:24:22-65
14    <uses-permission android:name="com.google.android.c2dm.permission.RECEIVE" />
14-->[com.google.firebase:firebase-iid:19.0.1] AndroidManifest.xml:26:5-82
14-->[com.google.firebase:firebase-iid:19.0.1] AndroidManifest.xml:26:22-79
15    <uses-permission android:name="com.google.android.finsky.permission.BIND_GET_INSTALL_REFERRER_SERVICE" />
15-->[com.google.android.gms:play-services-measurement:17.2.0] AndroidManifest.xml:26:5-110
15-->[com.google.android.gms:play-services-measurement:17.2.0] AndroidManifest.xml:26:22-107
16
17    <application
17-->src\main\AndroidManifest.xml:6:5-56:19
18        android:name="com.dmytro.myfirstapp.ApplicationEx"
18-->src\main\AndroidManifest.xml:7:9-59
19        android:allowBackup="true"
19-->src\main\AndroidManifest.xml:8:9-35
20        android:appComponentFactory="androidx.core.app.CoreComponentFactory"
20-->[androidx.core:core:1.1.0] AndroidManifest.xml:24:18-86
21        android:debuggable="true"
22        android:icon="@mipmap/ic_launcher"
22-->src\main\AndroidManifest.xml:9:9-43
23        android:label="@string/app_name"
23-->src\main\AndroidManifest.xml:10:9-41
24        android:roundIcon="@mipmap/ic_launcher_round"
24-->src\main\AndroidManifest.xml:11:9-54
25        android:supportsRtl="true"
25-->src\main\AndroidManifest.xml:12:9-35
26        android:theme="@style/AppTheme" >
26-->src\main\AndroidManifest.xml:13:9-40
27        <activity android:name="com.dmytro.myfirstapp.MainActivity" />
27-->src\main\AndroidManifest.xml:14:9-71
27-->src\main\AndroidManifest.xml:14:19-68
28        <activity android:name="com.dmytro.myfirstapp.EquipmentDetailsActivity" />
28-->src\main\AndroidManifest.xml:15:9-83
28-->src\main\AndroidManifest.xml:15:19-80
29        <activity android:name="com.dmytro.myfirstapp.Equipment" />
29-->src\main\AndroidManifest.xml:16:9-68
29-->src\main\AndroidManifest.xml:16:19-65
30        <activity
30-->src\main\AndroidManifest.xml:17:9-19:40
31            android:name="com.dmytro.myfirstapp.SignIn"
31-->src\main\AndroidManifest.xml:18:13-56
32            android:noHistory="true" />
32-->src\main\AndroidManifest.xml:19:13-37
33        <activity android:name="com.dmytro.myfirstapp.SomeActivity" >
33-->src\main\AndroidManifest.xml:20:9-25:20
33-->src\main\AndroidManifest.xml:20:19-47
34            <intent-filter>
34-->src\main\AndroidManifest.xml:21:13-24:29
35                <action android:name="SOMEACTIVITY" />
35-->src\main\AndroidManifest.xml:22:17-62
35-->src\main\AndroidManifest.xml:22:25-52
36
37                <category android:name="android.intent.category.DEFAULT" />
37-->src\main\AndroidManifest.xml:23:17-85
37-->src\main\AndroidManifest.xml:23:27-73
38            </intent-filter>
39        </activity>
40
41        <service android:name="com.dmytro.myfirstapp.FirebaseMessagingService" >
41-->src\main\AndroidManifest.xml:27:9-32:19
41-->src\main\AndroidManifest.xml:28:13-53
42            <intent-filter>
42-->src\main\AndroidManifest.xml:29:13-31:29
43                <action android:name="com.google.firebase.MESSAGING_EVENT" />
43-->src\main\AndroidManifest.xml:30:17-77
43-->src\main\AndroidManifest.xml:30:25-75
44            </intent-filter>
45        </service>
46
47        <meta-data
47-->src\main\AndroidManifest.xml:34:9-36:53
48            android:name="com.google.firebase.messaging.default_notification_color"
48-->src\main\AndroidManifest.xml:35:13-84
49            android:resource="@color/colorAccent" />
49-->src\main\AndroidManifest.xml:36:13-50
50
51        <activity
51-->src\main\AndroidManifest.xml:37:9-46:20
52            android:name="com.dmytro.myfirstapp.SignUp"
52-->src\main\AndroidManifest.xml:38:13-56
53            android:noHistory="true" >
53-->src\main\AndroidManifest.xml:39:13-37
54            <intent-filter>
54-->src\main\AndroidManifest.xml:40:13-45:29
55                <action android:name="android.intent.action.MAIN" />
55-->src\main\AndroidManifest.xml:41:17-69
55-->src\main\AndroidManifest.xml:41:25-66
56                <action android:name="android.intent.action.VIEW" />
56-->src\main\AndroidManifest.xml:42:17-69
56-->src\main\AndroidManifest.xml:42:25-66
57
58                <category android:name="android.intent.category.LAUNCHER" />
58-->src\main\AndroidManifest.xml:44:17-77
58-->src\main\AndroidManifest.xml:44:27-74
59            </intent-filter>
60        </activity>
61
62        <receiver android:name="com.dmytro.myfirstapp.NetworkChangeReceiver" >
62-->src\main\AndroidManifest.xml:48:9-55:20
62-->src\main\AndroidManifest.xml:48:19-77
63            <intent-filter>
63-->src\main\AndroidManifest.xml:49:13-54:29
64                <action android:name="android.net.conn.CONNECTIVITY_CHANGE" />
64-->src\main\AndroidManifest.xml:50:17-52:50
64-->src\main\AndroidManifest.xml:51:21-72
65                <action android:name="android.net.wifi.WIFI_STATE_CHANGED" />
65-->src\main\AndroidManifest.xml:53:17-78
65-->src\main\AndroidManifest.xml:53:25-75
66            </intent-filter>
67        </receiver>
68        <!--
69             FirebaseMessagingService performs security checks at runtime,
70             but set to not exported to explicitly avoid allowing another app to call it.
71        -->
72        <service
72-->[com.google.firebase:firebase-messaging:19.0.1] AndroidManifest.xml:28:9-34:19
73            android:name="com.google.firebase.messaging.FirebaseMessagingService"
73-->[com.google.firebase:firebase-messaging:19.0.1] AndroidManifest.xml:29:13-82
74            android:exported="false" >
74-->[com.google.firebase:firebase-messaging:19.0.1] AndroidManifest.xml:30:13-37
75            <intent-filter android:priority="-500" >
75-->src\main\AndroidManifest.xml:29:13-31:29
76                <action android:name="com.google.firebase.MESSAGING_EVENT" />
76-->src\main\AndroidManifest.xml:30:17-77
76-->src\main\AndroidManifest.xml:30:25-75
77            </intent-filter>
78        </service>
79
80        <activity
80-->[com.google.firebase:firebase-auth:19.0.0] AndroidManifest.xml:24:9-31:50
81            android:name="com.google.firebase.auth.internal.FederatedSignInActivity"
81-->[com.google.firebase:firebase-auth:19.0.0] AndroidManifest.xml:25:13-85
82            android:excludeFromRecents="true"
82-->[com.google.firebase:firebase-auth:19.0.0] AndroidManifest.xml:26:13-46
83            android:exported="true"
83-->[com.google.firebase:firebase-auth:19.0.0] AndroidManifest.xml:27:13-36
84            android:launchMode="singleTask"
84-->[com.google.firebase:firebase-auth:19.0.0] AndroidManifest.xml:28:13-44
85            android:permission="com.google.firebase.auth.api.gms.permission.LAUNCH_FEDERATED_SIGN_IN"
85-->[com.google.firebase:firebase-auth:19.0.0] AndroidManifest.xml:29:13-102
86            android:theme="@android:style/Theme.Translucent.NoTitleBar" />
86-->[com.google.firebase:firebase-auth:19.0.0] AndroidManifest.xml:30:13-72
87
88        <service
88-->[com.google.firebase:firebase-auth:19.0.0] AndroidManifest.xml:33:9-39:19
89            android:name="com.google.firebase.components.ComponentDiscoveryService"
89-->[com.google.firebase:firebase-auth:19.0.0] AndroidManifest.xml:34:13-84
90            android:directBootAware="true"
90-->[com.google.firebase:firebase-common:19.1.0] AndroidManifest.xml:14:13-43
91            android:exported="false" >
91-->[com.google.firebase:firebase-auth:19.0.0] AndroidManifest.xml:35:13-37
92            <meta-data
92-->[com.google.firebase:firebase-auth:19.0.0] AndroidManifest.xml:36:13-38:85
93                android:name="com.google.firebase.components:com.google.firebase.auth.FirebaseAuthRegistrar"
93-->[com.google.firebase:firebase-auth:19.0.0] AndroidManifest.xml:37:17-109
94                android:value="com.google.firebase.components.ComponentRegistrar" />
94-->[com.google.firebase:firebase-auth:19.0.0] AndroidManifest.xml:38:17-82
95            <meta-data
95-->[com.google.firebase:firebase-database:19.1.0] AndroidManifest.xml:32:13-34:85
96                android:name="com.google.firebase.components:com.google.firebase.database.DatabaseRegistrar"
96-->[com.google.firebase:firebase-database:19.1.0] AndroidManifest.xml:33:17-109
97                android:value="com.google.firebase.components.ComponentRegistrar" />
97-->[com.google.firebase:firebase-database:19.1.0] AndroidManifest.xml:34:17-82
98            <meta-data
98-->[com.google.firebase:firebase-storage:19.1.0] AndroidManifest.xml:33:13-35:85
99                android:name="com.google.firebase.components:com.google.firebase.storage.StorageRegistrar"
99-->[com.google.firebase:firebase-storage:19.1.0] AndroidManifest.xml:34:17-107
100                android:value="com.google.firebase.components.ComponentRegistrar" />
100-->[com.google.firebase:firebase-storage:19.1.0] AndroidManifest.xml:35:17-82
101            <meta-data
101-->[com.google.android.gms:play-services-measurement-api:17.2.0] AndroidManifest.xml:30:13-32:85
102                android:name="com.google.firebase.components:com.google.firebase.analytics.connector.internal.AnalyticsConnectorRegistrar"
102-->[com.google.android.gms:play-services-measurement-api:17.2.0] AndroidManifest.xml:31:17-139
103                android:value="com.google.firebase.components.ComponentRegistrar" />
103-->[com.google.android.gms:play-services-measurement-api:17.2.0] AndroidManifest.xml:32:17-82
104            <meta-data
104-->[com.google.firebase:firebase-iid:19.0.1] AndroidManifest.xml:32:13-34:85
105                android:name="com.google.firebase.components:com.google.firebase.iid.Registrar"
105-->[com.google.firebase:firebase-iid:19.0.1] AndroidManifest.xml:33:17-96
106                android:value="com.google.firebase.components.ComponentRegistrar" />
106-->[com.google.firebase:firebase-iid:19.0.1] AndroidManifest.xml:34:17-82
107        </service>
108
109        <provider
109-->[com.squareup.picasso:picasso:2.71828] AndroidManifest.xml:8:9-11:40
110            android:name="com.squareup.picasso.PicassoProvider"
110-->[com.squareup.picasso:picasso:2.71828] AndroidManifest.xml:9:13-64
111            android:authorities="com.dmytro.myfirstapp.com.squareup.picasso"
111-->[com.squareup.picasso:picasso:2.71828] AndroidManifest.xml:10:13-72
112            android:exported="false" />
112-->[com.squareup.picasso:picasso:2.71828] AndroidManifest.xml:11:13-37
113
114        <receiver
114-->[com.google.firebase:firebase-iid:19.0.1] AndroidManifest.xml:37:9-44:20
115            android:name="com.google.firebase.iid.FirebaseInstanceIdReceiver"
115-->[com.google.firebase:firebase-iid:19.0.1] AndroidManifest.xml:38:13-78
116            android:exported="true"
116-->[com.google.firebase:firebase-iid:19.0.1] AndroidManifest.xml:39:13-36
117            android:permission="com.google.android.c2dm.permission.SEND" >
117-->[com.google.firebase:firebase-iid:19.0.1] AndroidManifest.xml:40:13-73
118            <intent-filter>
118-->[com.google.firebase:firebase-iid:19.0.1] AndroidManifest.xml:41:13-43:29
119                <action android:name="com.google.android.c2dm.intent.RECEIVE" />
119-->[com.google.firebase:firebase-iid:19.0.1] AndroidManifest.xml:42:17-81
119-->[com.google.firebase:firebase-iid:19.0.1] AndroidManifest.xml:42:25-78
120            </intent-filter>
121        </receiver>
122
123        <activity
123-->[com.google.android.gms:play-services-base:17.1.0] AndroidManifest.xml:23:9-26:75
124            android:name="com.google.android.gms.common.api.GoogleApiActivity"
124-->[com.google.android.gms:play-services-base:17.1.0] AndroidManifest.xml:24:13-79
125            android:exported="false"
125-->[com.google.android.gms:play-services-base:17.1.0] AndroidManifest.xml:25:13-37
126            android:theme="@android:style/Theme.Translucent.NoTitleBar" />
126-->[com.google.android.gms:play-services-base:17.1.0] AndroidManifest.xml:26:13-72
127
128        <provider
128-->[com.google.firebase:firebase-common:19.1.0] AndroidManifest.xml:17:9-21:39
129            android:name="com.google.firebase.provider.FirebaseInitProvider"
129-->[com.google.firebase:firebase-common:19.1.0] AndroidManifest.xml:18:13-77
130            android:authorities="com.dmytro.myfirstapp.firebaseinitprovider"
130-->[com.google.firebase:firebase-common:19.1.0] AndroidManifest.xml:19:13-72
131            android:exported="false"
131-->[com.google.firebase:firebase-common:19.1.0] AndroidManifest.xml:20:13-37
132            android:initOrder="100" />
132-->[com.google.firebase:firebase-common:19.1.0] AndroidManifest.xml:21:13-36
133
134        <receiver
134-->[com.google.android.gms:play-services-measurement:17.2.0] AndroidManifest.xml:29:9-33:20
135            android:name="com.google.android.gms.measurement.AppMeasurementReceiver"
135-->[com.google.android.gms:play-services-measurement:17.2.0] AndroidManifest.xml:30:13-85
136            android:enabled="true"
136-->[com.google.android.gms:play-services-measurement:17.2.0] AndroidManifest.xml:31:13-35
137            android:exported="false" >
137-->[com.google.android.gms:play-services-measurement:17.2.0] AndroidManifest.xml:32:13-37
138        </receiver>
139        <receiver
139-->[com.google.android.gms:play-services-measurement:17.2.0] AndroidManifest.xml:34:9-42:20
140            android:name="com.google.android.gms.measurement.AppMeasurementInstallReferrerReceiver"
140-->[com.google.android.gms:play-services-measurement:17.2.0] AndroidManifest.xml:35:13-100
141            android:enabled="true"
141-->[com.google.android.gms:play-services-measurement:17.2.0] AndroidManifest.xml:36:13-35
142            android:exported="true"
142-->[com.google.android.gms:play-services-measurement:17.2.0] AndroidManifest.xml:37:13-36
143            android:permission="android.permission.INSTALL_PACKAGES" >
143-->[com.google.android.gms:play-services-measurement:17.2.0] AndroidManifest.xml:38:13-69
144            <intent-filter>
144-->[com.google.android.gms:play-services-measurement:17.2.0] AndroidManifest.xml:39:13-41:29
145                <action android:name="com.android.vending.INSTALL_REFERRER" />
145-->[com.google.android.gms:play-services-measurement:17.2.0] AndroidManifest.xml:40:17-79
145-->[com.google.android.gms:play-services-measurement:17.2.0] AndroidManifest.xml:40:25-76
146            </intent-filter>
147        </receiver>
148
149        <service
149-->[com.google.android.gms:play-services-measurement:17.2.0] AndroidManifest.xml:44:9-47:40
150            android:name="com.google.android.gms.measurement.AppMeasurementService"
150-->[com.google.android.gms:play-services-measurement:17.2.0] AndroidManifest.xml:45:13-84
151            android:enabled="true"
151-->[com.google.android.gms:play-services-measurement:17.2.0] AndroidManifest.xml:46:13-35
152            android:exported="false" />
152-->[com.google.android.gms:play-services-measurement:17.2.0] AndroidManifest.xml:47:13-37
153        <service
153-->[com.google.android.gms:play-services-measurement:17.2.0] AndroidManifest.xml:48:9-52:72
154            android:name="com.google.android.gms.measurement.AppMeasurementJobService"
154-->[com.google.android.gms:play-services-measurement:17.2.0] AndroidManifest.xml:49:13-87
155            android:enabled="true"
155-->[com.google.android.gms:play-services-measurement:17.2.0] AndroidManifest.xml:50:13-35
156            android:exported="false"
156-->[com.google.android.gms:play-services-measurement:17.2.0] AndroidManifest.xml:51:13-37
157            android:permission="android.permission.BIND_JOB_SERVICE" />
157-->[com.google.android.gms:play-services-measurement:17.2.0] AndroidManifest.xml:52:13-69
158
159        <meta-data
159-->[com.google.android.gms:play-services-basement:17.0.0] AndroidManifest.xml:23:9-25:69
160            android:name="com.google.android.gms.version"
160-->[com.google.android.gms:play-services-basement:17.0.0] AndroidManifest.xml:24:13-58
161            android:value="@integer/google_play_services_version" />
161-->[com.google.android.gms:play-services-basement:17.0.0] AndroidManifest.xml:25:13-66
162
163        <provider
163-->[androidx.lifecycle:lifecycle-process:2.0.0] AndroidManifest.xml:23:9-27:43
164            android:name="androidx.lifecycle.ProcessLifecycleOwnerInitializer"
164-->[androidx.lifecycle:lifecycle-process:2.0.0] AndroidManifest.xml:24:13-79
165            android:authorities="com.dmytro.myfirstapp.lifecycle-process"
165-->[androidx.lifecycle:lifecycle-process:2.0.0] AndroidManifest.xml:25:13-69
166            android:exported="false"
166-->[androidx.lifecycle:lifecycle-process:2.0.0] AndroidManifest.xml:26:13-37
167            android:multiprocess="true" />
167-->[androidx.lifecycle:lifecycle-process:2.0.0] AndroidManifest.xml:27:13-40
168    </application>
169
170</manifest>